Sort  (cost=424.48..424.50 rows=7 width=15) (actual time=28.178..28.183 rows=7 loops=1)
  Sort Key: (count(mid))
  Sort Method: quicksort  Memory: 25kB
  ->  HashAggregate  (cost=424.13..424.38 rows=7 width=15) (actual time=28.143..28.152 rows=7 loops=1)
        Group Key: genre
        Filter: (count(mid) > 1000)
        Batches: 1  Memory Usage: 24kB
        Rows Removed by Filter: 13
        ->  Seq Scan on genres g  (cost=0.00..320.09 rows=20809 width=11) (actual time=0.023..3.863 rows=20809 loops=1)
Planning Time: 0.140 ms
Execution Time: 28.263 ms
