Unique  (cost=416.94..416.95 rows=2 width=33) (actual time=9.463..9.469 rows=1 loops=1)
  InitPlan 1 (returns $0)
    ->  Aggregate  (cost=208.46..208.47 rows=1 width=4) (actual time=6.823..6.824 rows=1 loops=1)
          ->  Seq Scan on movies m  (cost=0.00..182.97 rows=10197 width=4) (actual time=0.005..3.041 rows=10197 loops=1)
  ->  Sort  (cost=208.47..208.48 rows=2 width=33) (actual time=9.462..9.463 rows=2 loops=1)
        Sort Key: m1.title
        Sort Method: quicksort  Memory: 25kB
        ->  Seq Scan on movies m1  (cost=0.00..208.46 rows=2 width=33) (actual time=8.565..9.433 rows=2 loops=1)
              Filter: (num_ratings = $0)
              Rows Removed by Filter: 10195
Planning Time: 0.191 ms
Execution Time: 9.525 ms
