Seq Scan on movies m1  (cost=416.94..650.90 rows=1 width=33) (actual time=9.921..9.924 rows=0 loops=1)
  Filter: ((rating = $0) AND (num_ratings = $1))
  Rows Removed by Filter: 10197
  InitPlan 1 (returns $0)
    ->  Aggregate  (cost=208.46..208.47 rows=1 width=4) (actual time=4.830..4.831 rows=1 loops=1)
          ->  Seq Scan on movies m  (cost=0.00..182.97 rows=10197 width=4) (actual time=0.004..2.322 rows=10197 loops=1)
  InitPlan 2 (returns $1)
    ->  Aggregate  (cost=208.46..208.47 rows=1 width=4) (actual time=3.363..3.364 rows=1 loops=1)
          ->  Seq Scan on movies m_1  (cost=0.00..182.97 rows=10197 width=4) (actual time=0.020..1.494 rows=10197 loops=1)
Planning Time: 0.479 ms
Execution Time: 9.963 ms
