Sort  (cost=429.37..430.13 rows=302 width=33) (actual time=5.863..6.112 rows=2622 loops=1)
  Sort Key: m1.mid
  Sort Method: quicksort  Memory: 313kB
  InitPlan 1 (returns $0)
    ->  Aggregate  (cost=208.46..208.47 rows=1 width=4) (actual time=4.148..4.149 rows=1 loops=1)
          ->  Seq Scan on movies m  (cost=0.00..182.97 rows=10197 width=4) (actual time=0.005..1.627 rows=10197 loops=1)
  ->  Seq Scan on movies m1  (cost=0.00..208.46 rows=302 width=33) (actual time=4.167..5.514 rows=2622 loops=1)
        Filter: (rating = $0)
        Rows Removed by Filter: 7575
Planning Time: 0.272 ms
Execution Time: 7.120 ms
