Aggregate  (cost=9173.15..9173.16 rows=1 width=8) (actual time=79.881..80.811 rows=1 loops=1)
  ->  Nested Loop  (cost=5595.55..9171.32 rows=730 width=0) (actual time=58.785..80.757 rows=534 loops=1)
        ->  Unique  (cost=4595.55..4596.28 rows=146 width=14) (actual time=50.498..50.633 rows=178 loops=1)
              ->  Sort  (cost=4595.55..4595.91 rows=146 width=14) (actual time=50.497..50.561 rows=295 loops=1)
                    Sort Key: a1.name
                    Sort Method: quicksort  Memory: 41kB
                    ->  Nested Loop  (cost=1000.42..4590.30 rows=146 width=14) (actual time=9.598..50.309 rows=295 loops=1)
                          ->  Gather  (cost=1000.00..4564.45 rows=5 width=4) (actual time=9.484..50.019 rows=3 loops=1)
                                Workers Planned: 1
                                Workers Launched: 1
                                ->  Parallel Seq Scan on actors a_1  (cost=0.00..3563.95 rows=3 width=4) (actual time=20.803..41.000 rows=2 loops=2)
                                      Filter: ((name)::text = 'Annette Nicole'::text)
                                      Rows Removed by Filter: 115867
                          ->  Index Only Scan using actors_pkey on actors a1  (cost=0.42..4.92 rows=25 width=18) (actual time=0.031..0.056 rows=98 loops=3)
                                Index Cond: (mid = a_1.mid)
                                Filter: ((name)::text <> 'Annette Nicole'::text)
                                Rows Removed by Filter: 1
                                Heap Fetches: 0
        ->  Materialize  (cost=1000.00..4564.47 rows=5 width=0) (actual time=0.047..0.168 rows=3 loops=178)
              ->  Gather  (cost=1000.00..4564.45 rows=5 width=0) (actual time=8.280..29.906 rows=3 loops=1)
                    Workers Planned: 1
                    Workers Launched: 1
                    ->  Parallel Seq Scan on actors a  (cost=0.00..3563.95 rows=3 width=0) (actual time=11.175..24.532 rows=2 loops=2)
                          Filter: ((name)::text = 'Annette Nicole'::text)
                          Rows Removed by Filter: 115867
Planning Time: 0.676 ms
Execution Time: 80.902 ms
