Subquery Scan on c  (cost=1750166.85..1750169.40 rows=73 width=14) (actual time=9027.392..9027.563 rows=2 loops=1)
  Filter: (NOT (hashed SubPlan 2))
  Rows Removed by Filter: 176
  ->  Unique  (cost=4595.55..4596.28 rows=146 width=14) (actual time=44.857..44.983 rows=178 loops=1)
        ->  Sort  (cost=4595.55..4595.91 rows=146 width=14) (actual time=44.856..44.928 rows=295 loops=1)
              Sort Key: a1.name
              Sort Method: quicksort  Memory: 41kB
              ->  Nested Loop  (cost=1000.42..4590.30 rows=146 width=14) (actual time=12.738..44.605 rows=295 loops=1)
                    ->  Gather  (cost=1000.00..4564.45 rows=5 width=4) (actual time=12.631..44.214 rows=3 loops=1)
                          Workers Planned: 1
                          Workers Launched: 1
                          ->  Parallel Seq Scan on actors a  (cost=0.00..3563.95 rows=3 width=4) (actual time=12.306..28.020 rows=2 loops=2)
                                Filter: ((name)::text = 'Annette Nicole'::text)
                                Rows Removed by Filter: 115867
                    ->  Index Only Scan using actors_pkey on actors a1  (cost=0.42..4.92 rows=25 width=18) (actual time=0.044..0.107 rows=98 loops=3)
                          Index Cond: (mid = a.mid)
                          Filter: ((name)::text <> 'Annette Nicole'::text)
                          Rows Removed by Filter: 1
                          Heap Fetches: 0
  SubPlan 2
    ->  Nested Loop  (cost=4595.55..1745570.39 rows=365 width=14) (actual time=52.737..8981.478 rows=239 loops=1)
          Join Filter: (NOT (SubPlan 1))
          Rows Removed by Join Filter: 295
          ->  Seq Scan on actors a_2  (cost=0.00..4756.71 rows=5 width=4) (actual time=5.440..23.605 rows=3 loops=1)
                Filter: ((name)::text = 'Annette Nicole'::text)
                Rows Removed by Filter: 231734
          ->  Materialize  (cost=4595.55..4598.47 rows=146 width=14) (actual time=7.105..7.410 rows=178 loops=3)
                ->  Unique  (cost=4595.55..4596.28 rows=146 width=14) (actual time=21.278..21.706 rows=178 loops=1)
                      ->  Sort  (cost=4595.55..4595.91 rows=146 width=14) (actual time=21.277..21.427 rows=295 loops=1)
                            Sort Key: a1_1.name
                            Sort Method: quicksort  Memory: 41kB
                            ->  Nested Loop  (cost=1000.42..4590.30 rows=146 width=14) (actual time=7.556..21.049 rows=295 loops=1)
                                  ->  Gather  (cost=1000.00..4564.45 rows=5 width=4) (actual time=7.498..20.840 rows=3 loops=1)
                                        Workers Planned: 1
                                        Workers Launched: 1
                                        ->  Parallel Seq Scan on actors a_3  (cost=0.00..3563.95 rows=3 width=4) (actual time=7.735..17.039 rows=2 loops=2)
                                              Filter: ((name)::text = 'Annette Nicole'::text)
                                              Rows Removed by Filter: 115867
                                  ->  Index Only Scan using actors_pkey on actors a1_1  (cost=0.42..4.92 rows=25 width=18) (actual time=0.030..0.051 rows=98 loops=3)
                                        Index Cond: (mid = a_3.mid)
                                        Filter: ((name)::text <> 'Annette Nicole'::text)
                                        Rows Removed by Filter: 1
                                        Heap Fetches: 0
          SubPlan 1
            ->  Seq Scan on actors a_1  (cost=0.00..4756.71 rows=5 width=4) (actual time=7.997..16.718 rows=4 loops=534)
                  Filter: ((name)::text = (a1_1.name)::text)
                  Rows Removed by Filter: 175214
Planning Time: 1.053 ms
Execution Time: 9027.691 ms
