Aggregate  (cost=4598.10..4598.11 rows=1 width=8) (actual time=38.755..39.804 rows=1 loops=1)
  ->  Unique  (cost=4595.55..4596.28 rows=146 width=14) (actual time=38.535..39.771 rows=178 loops=1)
        ->  Sort  (cost=4595.55..4595.91 rows=146 width=14) (actual time=38.534..39.677 rows=295 loops=1)
              Sort Key: a1.name
              Sort Method: quicksort  Memory: 41kB
              ->  Nested Loop  (cost=1000.42..4590.30 rows=146 width=14) (actual time=15.793..39.091 rows=295 loops=1)
                    ->  Gather  (cost=1000.00..4564.45 rows=5 width=4) (actual time=15.775..38.897 rows=3 loops=1)
                          Workers Planned: 1
                          Workers Launched: 1
                          ->  Parallel Seq Scan on actors a  (cost=0.00..3563.95 rows=3 width=4) (actual time=6.126..20.020 rows=2 loops=2)
                                Filter: ((name)::text = 'Annette Nicole'::text)
                                Rows Removed by Filter: 115867
                    ->  Index Only Scan using actors_pkey on actors a1  (cost=0.42..4.92 rows=25 width=18) (actual time=0.014..0.041 rows=98 loops=3)
                          Index Cond: (mid = a.mid)
                          Filter: ((name)::text <> 'Annette Nicole'::text)
                          Rows Removed by Filter: 1
                          Heap Fetches: 0
Planning Time: 0.500 ms
Execution Time: 40.003 ms
