GroupAggregate  (cost=2000.42..9167.28 rows=5 width=22) (actual time=102.950..103.003 rows=1 loops=1)
  Group Key: a.name
  ->  Nested Loop  (cost=2000.42..9163.57 rows=731 width=28) (actual time=11.189..78.573 rows=61294 loops=1)
        ->  Nested Loop  (cost=1000.42..4589.99 rows=146 width=14) (actual time=10.175..11.791 rows=1613 loops=1)
              ->  Gather  (cost=1000.00..4564.45 rows=5 width=4) (actual time=10.098..10.153 rows=38 loops=1)
                    Workers Planned: 1
                    Workers Launched: 1
                    ->  Parallel Seq Scan on actors ac  (cost=0.00..3563.95 rows=3 width=4) (actual time=2.582..25.829 rows=19 loops=2)
                          Filter: ((name)::text = 'Tom Cruise'::text)
                          Rows Removed by Filter: 115850
              ->  Index Only Scan using actors_pkey on actors a_1  (cost=0.42..4.86 rows=25 width=18) (actual time=0.027..0.036 rows=42 loops=38)
                    Index Cond: (mid = ac.mid)
                    Heap Fetches: 0
        ->  Materialize  (cost=1000.00..4564.47 rows=5 width=14) (actual time=0.001..0.035 rows=38 loops=1613)
              ->  Gather  (cost=1000.00..4564.45 rows=5 width=14) (actual time=1.006..50.982 rows=38 loops=1)
                    Workers Planned: 1
                    Workers Launched: 1
                    ->  Parallel Seq Scan on actors a  (cost=0.00..3563.95 rows=3 width=14) (actual time=0.445..45.383 rows=19 loops=2)
                          Filter: ((name)::text = 'Tom Cruise'::text)
                          Rows Removed by Filter: 115850
Planning Time: 4.098 ms
Execution Time: 103.474 ms
