Seq Scan on mat_suggestion  (cost=0.00..12.70 rows=270 width=270) (actual time=0.032..0.035 rows=10 loops=1)
Planning Time: 0.180 ms
Execution Time: 0.062 ms
